[0m14:23:19.184671 [debug] [MainThread]: Sending event: {'category': 'dbt', 'action': 'invocation', 'label': 'start', 'context': [<snowplow_tracker.self_describing_json.SelfDescribingJson object at 0x000001EF6387BFE0>, <snowplow_tracker.self_describing_json.SelfDescribingJson object at 0x000001EF6345F9E0>, <snowplow_tracker.self_describing_json.SelfDescribingJson object at 0x000001EF62EB92E0>]}


============================== 14:23:19.187671 | 17b2cc06-3375-439c-8800-e8325fe2d38c ==============================
[0m14:23:19.187671 [info ] [MainThread]: Running with dbt=1.11.2
[0m14:23:19.188677 [debug] [MainThread]: running dbt with arguments {'version_check': 'True', 'no_print': 'None', 'static_parser': 'True', 'target_path': 'None', 'warn_error_options': 'WarnErrorOptionsV2(error=[], warn=[], silence=[])', 'printer_width': '80', 'write_json': 'True', 'introspect': 'True', 'log_cache_events': 'False', 'empty': 'None', 'cache_selected_only': 'False', 'fail_fast': 'False', 'debug': 'False', 'log_format': 'default', 'profiles_dir': 'C:\\Users\\bradl\\.dbt', 'send_anonymous_usage_stats': 'True', 'quiet': 'False', 'warn_error': 'None', 'partial_parse': 'True', 'invocation_command': 'dbt init', 'use_colors': 'True', 'indirect_selection': 'eager', 'use_experimental_parser': 'False', 'log_path': 'logs'}
[0m14:23:19.233242 [info ] [MainThread]: Creating dbt configuration folder at C:\Users\bradl\.dbt
[0m14:23:19.234242 [error] [MainThread]: Encountered an error:

[0m14:23:19.235353 [error] [MainThread]: Traceback (most recent call last):
  File "C:\Users\bradl\OneDrive\Desktop\AWS_DBT_Snowflake\.venv\Lib\site-packages\dbt\cli\requires.py", line 182, in wrapper
    result, success = func(*args, **kwargs)
                      ^^^^^^^^^^^^^^^^^^^^^
  File "C:\Users\bradl\OneDrive\Desktop\AWS_DBT_Snowflake\.venv\Lib\site-packages\dbt\cli\requires.py", line 128, in wrapper
    return func(*args, **kwargs)
           ^^^^^^^^^^^^^^^^^^^^^
  File "C:\Users\bradl\OneDrive\Desktop\AWS_DBT_Snowflake\.venv\Lib\site-packages\dbt\cli\main.py", line 483, in init
    results = task.run()
              ^^^^^^^^^^
  File "C:\Users\bradl\OneDrive\Desktop\AWS_DBT_Snowflake\.venv\Lib\site-packages\dbt\task\init.py", line 324, in run
    project_name = self.get_valid_project_name()
                   ^^^^^^^^^^^^^^^^^^^^^^^^^^^^^
  File "C:\Users\bradl\OneDrive\Desktop\AWS_DBT_Snowflake\.venv\Lib\site-packages\dbt\task\init.py", line 278, in get_valid_project_name
    name = click.prompt("Enter a name for your project (letters, digits, underscore)")
           ^^^^^^^^^^^^^^^^^^^^^^^^^^^^^^^^^^^^^^^^^^^^^^^^^^^^^^^^^^^^^^^^^^^^^^^^^^^
  File "C:\Users\bradl\OneDrive\Desktop\AWS_DBT_Snowflake\.venv\Lib\site-packages\click\termui.py", line 171, in prompt
    value = prompt_func(prompt)
            ^^^^^^^^^^^^^^^^^^^
  File "C:\Users\bradl\OneDrive\Desktop\AWS_DBT_Snowflake\.venv\Lib\site-packages\click\termui.py", line 154, in prompt_func
    raise Abort() from None
click.exceptions.Abort

[0m14:23:19.236352 [debug] [MainThread]: Command `dbt init` failed at 14:23:19.236352 after 0.13 seconds
[0m14:23:19.236352 [debug] [MainThread]: Sending event: {'category': 'dbt', 'action': 'invocation', 'label': 'end', 'context': [<snowplow_tracker.self_describing_json.SelfDescribingJson object at 0x000001EF63588650>, <snowplow_tracker.self_describing_json.SelfDescribingJson object at 0x000001EF635E9F40>, <snowplow_tracker.self_describing_json.SelfDescribingJson object at 0x000001EF634309B0>]}
[0m14:23:19.236352 [debug] [MainThread]: Flushing usage events
[0m14:23:20.021975 [debug] [MainThread]: An error was encountered while trying to flush usage events
[0m14:23:59.747967 [debug] [MainThread]: Sending event: {'category': 'dbt', 'action': 'invocation', 'label': 'start', 'context': [<snowplow_tracker.self_describing_json.SelfDescribingJson object at 0x0000019E226DE8D0>, <snowplow_tracker.self_describing_json.SelfDescribingJson object at 0x0000019E2061FFE0>, <snowplow_tracker.self_describing_json.SelfDescribingJson object at 0x0000019E221A8FE0>]}


============================== 14:23:59.750968 | 4fc25396-dacf-43b6-835c-cd7685950a46 ==============================
[0m14:23:59.750968 [info ] [MainThread]: Running with dbt=1.11.2
[0m14:23:59.750968 [debug] [MainThread]: running dbt with arguments {'version_check': 'True', 'no_print': 'None', 'static_parser': 'True', 'warn_error_options': 'WarnErrorOptionsV2(error=[], warn=[], silence=[])', 'target_path': 'None', 'printer_width': '80', 'write_json': 'True', 'introspect': 'True', 'log_cache_events': 'False', 'empty': 'None', 'cache_selected_only': 'False', 'fail_fast': 'False', 'debug': 'False', 'log_format': 'default', 'profiles_dir': 'C:\\Users\\bradl\\.dbt', 'send_anonymous_usage_stats': 'True', 'quiet': 'False', 'warn_error': 'None', 'partial_parse': 'True', 'indirect_selection': 'eager', 'invocation_command': 'dbt init', 'use_colors': 'True', 'use_experimental_parser': 'False', 'log_path': 'logs'}
[0m14:25:57.219261 [debug] [MainThread]: Starter project path: C:\Users\bradl\OneDrive\Desktop\AWS_DBT_Snowflake\.venv\Lib\site-packages\dbt\include\starter_project
[0m14:25:57.228308 [info ] [MainThread]: 
Your new dbt project "aws_dbt_snowflake_project" was created!

For more information on how to configure the profiles.yml file,
please consult the dbt documentation here:

  https://docs.getdbt.com/docs/configure-your-profile

One more thing:

Need help? Don't hesitate to reach out to us via GitHub issues or on Slack:

  https://community.getdbt.com/

Happy modeling!

[0m14:25:57.228308 [info ] [MainThread]: Setting up your profile.
[0m14:26:17.017831 [debug] [MainThread]: Snowflake adapter: Setting snowflake.connector to ERROR (file logging only)
[0m14:26:17.017831 [debug] [MainThread]: Snowflake adapter: Setting botocore to ERROR (file logging only)
[0m14:26:17.017831 [debug] [MainThread]: Snowflake adapter: Setting boto3 to ERROR (file logging only)
[0m14:33:05.601628 [info ] [MainThread]: Profile aws_dbt_snowflake_project written to C:\Users\bradl\.dbt\profiles.yml using target's profile_template.yml and your supplied values. Run 'dbt debug' to validate the connection.
[0m14:33:05.603627 [debug] [MainThread]: Command `dbt init` succeeded at 14:33:05.603627 after 545.96 seconds
[0m14:33:05.603627 [debug] [MainThread]: Sending event: {'category': 'dbt', 'action': 'invocation', 'label': 'end', 'context': [<snowplow_tracker.self_describing_json.SelfDescribingJson object at 0x0000019E22DAEB70>, <snowplow_tracker.self_describing_json.SelfDescribingJson object at 0x0000019E25014E00>, <snowplow_tracker.self_describing_json.SelfDescribingJson object at 0x0000019E248C92B0>]}
[0m14:33:05.603627 [debug] [MainThread]: Flushing usage events
[0m14:33:06.191794 [debug] [MainThread]: An error was encountered while trying to flush usage events
[0m12:48:41.131551 [debug] [MainThread]: Sending event: {'category': 'dbt', 'action': 'invocation', 'label': 'start', 'context': [<snowplow_tracker.self_describing_json.SelfDescribingJson object at 0x000001B1A68D8FB0>, <snowplow_tracker.self_describing_json.SelfDescribingJson object at 0x000001B1A693AC90>, <snowplow_tracker.self_describing_json.SelfDescribingJson object at 0x000001B1A683EB70>]}


============================== 12:48:41.135063 | bc36b5bb-e26f-4f2a-880b-c7fd6d073c2f ==============================
[0m12:48:41.135063 [info ] [MainThread]: Running with dbt=1.11.2
[0m12:48:41.135063 [debug] [MainThread]: running dbt with arguments {'static_parser': 'True', 'no_print': 'None', 'version_check': 'True', 'target_path': 'None', 'warn_error_options': 'WarnErrorOptionsV2(error=[], warn=[], silence=[])', 'printer_width': '80', 'write_json': 'True', 'empty': 'False', 'log_cache_events': 'False', 'introspect': 'True', 'cache_selected_only': 'False', 'fail_fast': 'False', 'debug': 'False', 'log_format': 'default', 'profiles_dir': 'C:\\Users\\bradl\\.dbt', 'send_anonymous_usage_stats': 'True', 'quiet': 'False', 'warn_error': 'None', 'partial_parse': 'True', 'invocation_command': 'dbt run --select models/demo', 'use_colors': 'True', 'indirect_selection': 'eager', 'use_experimental_parser': 'False', 'log_path': 'logs'}
[0m12:48:41.136978 [error] [MainThread]: Encountered an error:
Runtime Error
  No dbt_project.yml found at expected path C:\Users\bradl\OneDrive\Desktop\AWS_DBT_Snowflake\dbt_project.yml
  Verify that each entry within packages.yml (and their transitive dependencies) contains a file named dbt_project.yml
  
[0m12:48:41.136978 [debug] [MainThread]: Command `dbt run` failed at 12:48:41.136978 after 0.13 seconds
[0m12:48:41.136978 [debug] [MainThread]: Sending event: {'category': 'dbt', 'action': 'invocation', 'label': 'end', 'context': [<snowplow_tracker.self_describing_json.SelfDescribingJson object at 0x000001B1A6F429C0>, <snowplow_tracker.self_describing_json.SelfDescribingJson object at 0x000001B1A68F7F50>, <snowplow_tracker.self_describing_json.SelfDescribingJson object at 0x000001B1A68D8FB0>]}
[0m12:48:41.137983 [debug] [MainThread]: Flushing usage events
[0m12:48:41.787389 [debug] [MainThread]: An error was encountered while trying to flush usage events
[0m13:44:51.621395 [debug] [MainThread]: Sending event: {'category': 'dbt', 'action': 'invocation', 'label': 'start', 'context': [<snowplow_tracker.self_describing_json.SelfDescribingJson object at 0x00000215D3A673B0>, <snowplow_tracker.self_describing_json.SelfDescribingJson object at 0x00000215D0D807A0>, <snowplow_tracker.self_describing_json.SelfDescribingJson object at 0x00000215D3A67EC0>]}


============================== 13:44:51.625395 | 4398028a-56ad-4d65-aae5-7d6ca17f575e ==============================
[0m13:44:51.625395 [info ] [MainThread]: Running with dbt=1.11.2
[0m13:44:51.625395 [debug] [MainThread]: running dbt with arguments {'version_check': 'True', 'no_print': 'None', 'static_parser': 'True', 'target_path': 'None', 'warn_error_options': 'WarnErrorOptionsV2(error=[], warn=[], silence=[])', 'printer_width': '80', 'write_json': 'True', 'empty': 'False', 'log_cache_events': 'False', 'introspect': 'True', 'cache_selected_only': 'False', 'log_format': 'default', 'debug': 'False', 'fail_fast': 'False', 'profiles_dir': 'C:\\Users\\bradl\\.dbt', 'send_anonymous_usage_stats': 'True', 'quiet': 'False', 'warn_error': 'None', 'partial_parse': 'True', 'invocation_command': 'dbt compile', 'indirect_selection': 'eager', 'use_colors': 'True', 'use_experimental_parser': 'False', 'log_path': 'logs'}
[0m13:44:51.626395 [error] [MainThread]: Encountered an error:
Runtime Error
  No dbt_project.yml found at expected path C:\Users\bradl\OneDrive\Desktop\AWS_DBT_Snowflake\dbt_project.yml
  Verify that each entry within packages.yml (and their transitive dependencies) contains a file named dbt_project.yml
  
[0m13:44:51.626395 [debug] [MainThread]: Command `dbt compile` failed at 13:44:51.626395 after 0.10 seconds
[0m13:44:51.626395 [debug] [MainThread]: Sending event: {'category': 'dbt', 'action': 'invocation', 'label': 'end', 'context': [<snowplow_tracker.self_describing_json.SelfDescribingJson object at 0x00000215D0D807A0>, <snowplow_tracker.self_describing_json.SelfDescribingJson object at 0x00000215D40B2B40>, <snowplow_tracker.self_describing_json.SelfDescribingJson object at 0x00000215D388A540>]}
[0m13:44:51.627395 [debug] [MainThread]: Flushing usage events
[0m13:44:52.284490 [debug] [MainThread]: An error was encountered while trying to flush usage events
[0m19:31:27.476680 [debug] [MainThread]: Sending event: {'category': 'dbt', 'action': 'invocation', 'label': 'start', 'context': [<snowplow_tracker.self_describing_json.SelfDescribingJson object at 0x00000221D6E8DC70>, <snowplow_tracker.self_describing_json.SelfDescribingJson object at 0x00000221D96DABD0>, <snowplow_tracker.self_describing_json.SelfDescribingJson object at 0x00000221D96D9F10>]}


============================== 19:31:27.480685 | 04cdb68b-e0e4-4a33-9216-a78f15d3368e ==============================
[0m19:31:27.480685 [info ] [MainThread]: Running with dbt=1.11.2
[0m19:31:27.481681 [debug] [MainThread]: running dbt with arguments {'version_check': 'True', 'no_print': 'None', 'static_parser': 'True', 'target_path': 'None', 'warn_error_options': 'WarnErrorOptionsV2(error=[], warn=[], silence=[])', 'printer_width': '80', 'write_json': 'True', 'introspect': 'True', 'log_cache_events': 'False', 'empty': 'False', 'cache_selected_only': 'False', 'fail_fast': 'False', 'debug': 'False', 'log_format': 'default', 'partial_parse': 'True', 'send_anonymous_usage_stats': 'True', 'quiet': 'False', 'warn_error': 'None', 'profiles_dir': 'C:\\Users\\bradl\\.dbt', 'indirect_selection': 'eager', 'invocation_command': 'dbt run', 'use_colors': 'True', 'use_experimental_parser': 'False', 'log_path': 'logs'}
[0m19:31:27.482674 [error] [MainThread]: Encountered an error:
Runtime Error
  No dbt_project.yml found at expected path C:\Users\bradl\OneDrive\Desktop\AWS_DBT_Snowflake\dbt_project.yml
  Verify that each entry within packages.yml (and their transitive dependencies) contains a file named dbt_project.yml
  
[0m19:31:27.482674 [debug] [MainThread]: Command `dbt run` failed at 19:31:27.482674 after 0.14 seconds
[0m19:31:27.483674 [debug] [MainThread]: Sending event: {'category': 'dbt', 'action': 'invocation', 'label': 'end', 'context': [<snowplow_tracker.self_describing_json.SelfDescribingJson object at 0x00000221D9A5F800>, <snowplow_tracker.self_describing_json.SelfDescribingJson object at 0x00000221D9A5DCA0>, <snowplow_tracker.self_describing_json.SelfDescribingJson object at 0x00000221D9697AD0>]}
[0m19:31:27.483674 [debug] [MainThread]: Flushing usage events
[0m19:31:28.172830 [debug] [MainThread]: An error was encountered while trying to flush usage events
